<?xml version="1.0" encoding="UTF-8"?>
<!-- Generated by org.testng.reporters.JUnitReportReporter -->
<testsuite hostname="DESKTOP-DDBOJJ4" failures="0" tests="1" name="test.AddContactTest" time="11.721" errors="0" timestamp="30 Sep 2018 17:18:00 GMT">
  <testcase classname="test.AddContactTest" name="AddContact" time="11.721"/>
</testsuite> <!-- test.AddContactTest -->
